<?xml version="1.0" encoding="UTF-8"?>
<!-- Generated by org.testng.reporters.JUnitReportReporter -->
<testsuite hostname="DESKTOP-65JILSQ" failures="0" tests="4" name="TestNG.Script_03" time="0.004" errors="0" timestamp="2023-04-24T14:58:02 IST" skipped="0">
  <testcase classname="TestNG.Script_03" name="checkAccount" time="0.001"/>
  <system-out>
    <![CDATA[Check Account Method Executed ]]>
  </system-out>
  <testcase classname="TestNG.Script_03" name="createAccount" time="0.001"/>
  <system-out>
    <![CDATA[Create Account Method Executed ]]>
  </system-out>
  <testcase classname="TestNG.Script_03" name="editAccount" time="0.001"/>
  <system-out>
    <![CDATA[Edit Account Method Executed ]]>
  </system-out>
  <testcase classname="TestNG.Script_03" name="deleteAccount" time="0.001"/>
  <system-out>
    <![CDATA[Delete Account Method Executed ]]>
  </system-out>
</testsuite> <!-- TestNG.Script_03 -->
