<?xml version="1.0" encoding="UTF-8"?>
<!-- Generated by org.testng.reporters.JUnitReportReporter -->
<testsuite hostname="DESKTOP-65JILSQ" failures="0" tests="1" name="SeleniumWithTestNG.TestCase_01" time="21.683" errors="0" timestamp="2023-05-03T23:41:35 IST" skipped="0">
  <testcase classname="SeleniumWithTestNG.TestCase_01" name="testactitimelogin" time="21.683"/>
  <system-out/>
</testsuite> <!-- SeleniumWithTestNG.TestCase_01 -->
