<?xml version="1.0" encoding="UTF-8"?>
<!-- Generated by org.testng.reporters.JUnitReportReporter -->
<testsuite hostname="DESKTOP-65JILSQ" failures="0" tests="10" name="TestNG.Script_04" time="0.009" errors="0" timestamp="2023-04-24T14:58:02 IST" skipped="0">
  <testcase classname="TestNG.Script_04" name="sendSMS" time="0.001"/>
  <system-out>
    <![CDATA[SMS sent]]>
  </system-out>
  <testcase classname="TestNG.Script_04" name="sendSMS" time="0.002"/>
  <system-out>
    <![CDATA[SMS sent]]>
  </system-out>
  <testcase classname="TestNG.Script_04" name="sendSMS" time="0.001"/>
  <system-out>
    <![CDATA[SMS sent]]>
  </system-out>
  <testcase classname="TestNG.Script_04" name="sendSMS" time="0.001"/>
  <system-out>
    <![CDATA[SMS sent]]>
  </system-out>
  <testcase classname="TestNG.Script_04" name="sendSMS" time="0.000"/>
  <system-out>
    <![CDATA[SMS sent]]>
  </system-out>
  <testcase classname="TestNG.Script_04" name="sendSMS" time="0.001"/>
  <system-out>
    <![CDATA[SMS sent]]>
  </system-out>
  <testcase classname="TestNG.Script_04" name="sendSMS" time="0.001"/>
  <system-out>
    <![CDATA[SMS sent]]>
  </system-out>
  <testcase classname="TestNG.Script_04" name="sendSMS" time="0.001"/>
  <system-out>
    <![CDATA[SMS sent]]>
  </system-out>
  <testcase classname="TestNG.Script_04" name="sendSMS" time="0.001"/>
  <system-out>
    <![CDATA[SMS sent]]>
  </system-out>
  <testcase classname="TestNG.Script_04" name="sendSMS" time="0.000"/>
  <system-out>
    <![CDATA[SMS sent]]>
  </system-out>
</testsuite> <!-- TestNG.Script_04 -->
