<?xml version="1.0" encoding="UTF-8"?>
<!-- Generated by org.testng.reporters.JUnitReportReporter -->
<testsuite hostname="DESKTOP-65JILSQ" failures="0" tests="2" name="TestNG.TestScript_06" time="0.014" errors="0" timestamp="2023-04-27T13:15:36 IST" skipped="0">
  <testcase classname="TestNG.TestScript_06" name="m2" time="0.001"/>
  <system-out>
    <![CDATA[method_02 executed]]>
  </system-out>
  <testcase classname="TestNG.TestScript_06" name="m1" time="0.013"/>
  <system-out>
    <![CDATA[method_01 executed]]>
  </system-out>
</testsuite> <!-- TestNG.TestScript_06 -->
