<?xml version="1.0" encoding="UTF-8"?>
<!-- Generated by org.testng.reporters.JUnitReportReporter -->
<testsuite hostname="DESKTOP-65JILSQ" failures="0" tests="1" name="TestNG.TestScript_04" time="0.002" errors="0" timestamp="2023-04-24T23:39:17 IST" skipped="0">
  <testcase classname="TestNG.TestScript_04" name="TestSCript_01" time="0.002"/>
  <system-out>
    <![CDATA[admin@gmail.com]]>
  </system-out>
</testsuite> <!-- TestNG.TestScript_04 -->
