<?xml version="1.0" encoding="UTF-8"?>
<!-- Generated by org.testng.reporters.JUnitReportReporter -->
<testsuite hostname="DESKTOP-65JILSQ" failures="0" tests="2" name="TestNG.TestScript_02" time="0.012" errors="0" timestamp="2023-04-24T23:25:35 IST" skipped="0">
  <testcase classname="TestNG.TestScript_02" name="test_01" time="0.010"/>
  <system-out>
    <![CDATA[admin1
manager]]>
  </system-out>
  <testcase classname="TestNG.TestScript_02" name="test_02" time="0.002"/>
  <system-out>
    <![CDATA[admin@gmail.com]]>
  </system-out>
</testsuite> <!-- TestNG.TestScript_02 -->
