<?xml version="1.0" encoding="UTF-8"?>
<!-- Generated by org.testng.reporters.JUnitReportReporter -->
<testsuite hostname="DESKTOP-65JILSQ" failures="0" tests="1" name="integrationtestscripts.TestScript_02" time="0.001" errors="0" timestamp="2023-04-24T22:42:22 IST" skipped="0">
  <testcase classname="integrationtestscripts.TestScript_02" name="m2" time="0.001"/>
  <system-out>
    <![CDATA[Integration Testing TestScript_02 invalid testing ]]>
  </system-out>
</testsuite> <!-- integrationtestscripts.TestScript_02 -->
