<?xml version="1.0" encoding="UTF-8"?>
<!-- Generated by org.testng.reporters.JUnitReportReporter -->
<testsuite hostname="DESKTOP-65JILSQ" failures="0" tests="1" name="Synchronization.Script_01" time="0.011" errors="0" timestamp="2023-04-19T13:19:36 IST" skipped="0">
  <testcase classname="Synchronization.Script_01" name="ma" time="0.011"/>
  <system-out>
    <![CDATA[Hi]]>
  </system-out>
</testsuite> <!-- Synchronization.Script_01 -->
