<?xml version="1.0" encoding="UTF-8"?>
<!-- Generated by org.testng.reporters.JUnitReportReporter -->
<testsuite hostname="DESKTOP-65JILSQ" failures="0" tests="3" name="systemtestscripts.TestScript_02" time="0.005" errors="0" timestamp="2023-04-24T22:42:22 IST" skipped="0">
  <testcase classname="systemtestscripts.TestScript_02" name="m1" time="0.002"/>
  <system-out>
    <![CDATA[System Testing TestScript_02 valid testing ]]>
  </system-out>
  <testcase classname="systemtestscripts.TestScript_02" name="m2" time="0.001"/>
  <system-out>
    <![CDATA[System Testing TestScript_02 invalid testing ]]>
  </system-out>
  <testcase classname="systemtestscripts.TestScript_02" name="m3" time="0.002"/>
  <system-out>
    <![CDATA[System Testing TestScript_02 adhoc testing]]>
  </system-out>
</testsuite> <!-- systemtestscripts.TestScript_02 -->
