<?xml version="1.0" encoding="UTF-8"?>
<!-- Generated by org.testng.reporters.JUnitReportReporter -->
<testsuite hostname="DESKTOP-65JILSQ" failures="0" tests="1" name="TestNG.TestScript_03" time="0.011" errors="0" timestamp="2023-04-24T23:39:17 IST" skipped="0">
  <testcase classname="TestNG.TestScript_03" name="TestScript_01" time="0.011"/>
  <system-out>
    <![CDATA[admin
manager]]>
  </system-out>
</testsuite> <!-- TestNG.TestScript_03 -->
