<?xml version="1.0" encoding="UTF-8"?>
<!-- Generated by org.testng.reporters.JUnitReportReporter -->
<testsuite hostname="DESKTOP-65JILSQ" failures="0" tests="2" name="TestNG.Script_05" time="0.003" errors="0" timestamp="2023-04-24T14:58:02 IST" skipped="0">
  <testcase classname="TestNG.Script_05" name="login" time="0.002"/>
  <system-out>
    <![CDATA[Login method executed]]>
  </system-out>
  <testcase classname="TestNG.Script_05" name="signup" time="0.001"/>
  <system-out>
    <![CDATA[Signup method executed]]>
  </system-out>
</testsuite> <!-- TestNG.Script_05 -->
