<?xml version="1.0" encoding="UTF-8"?>
<!-- Generated by org.testng.reporters.JUnitReportReporter -->
<testsuite hostname="DESKTOP-65JILSQ" failures="0" tests="1" name="TestNG.Script_01" time="0.001" errors="0" timestamp="2023-04-24T14:58:02 IST" skipped="0">
  <testcase classname="TestNG.Script_01" name="ma" time="0.001"/>
  <system-out>
    <![CDATA[Hi]]>
  </system-out>
</testsuite> <!-- TestNG.Script_01 -->
