<?xml version="1.0" encoding="UTF-8"?>
<!-- Generated by org.testng.reporters.JUnitReportReporter -->
<testsuite hostname="DESKTOP-65JILSQ" failures="0" tests="1" name="systemtestscripts.TestScript_01" time="0.001" errors="0" timestamp="2023-04-24T22:42:22 IST" skipped="0">
  <testcase classname="systemtestscripts.TestScript_01" name="m2" time="0.001"/>
  <system-out>
    <![CDATA[System Testing TestScript_01 invalid testing ]]>
  </system-out>
</testsuite> <!-- systemtestscripts.TestScript_01 -->
