<?xml version="1.0" encoding="UTF-8"?>
<!-- Generated by org.testng.reporters.JUnitReportReporter -->
<testsuite hostname="DESKTOP-65JILSQ" failures="0" tests="5" name="TestNG.Script_06" time="0.007" errors="0" timestamp="2023-04-24T14:58:02 IST" skipped="0">
  <testcase classname="TestNG.Script_06" name="m3" time="0.001"/>
  <system-out>
    <![CDATA[M3 method executed]]>
  </system-out>
  <testcase classname="TestNG.Script_06" name="m1" time="0.002"/>
  <system-out>
    <![CDATA[M1 method executed]]>
  </system-out>
  <testcase classname="TestNG.Script_06" name="m4" time="0.002"/>
  <system-out>
    <![CDATA[M4 method executed]]>
  </system-out>
  <testcase classname="TestNG.Script_06" name="m2" time="0.001"/>
  <system-out>
    <![CDATA[M2 method executed]]>
  </system-out>
  <testcase classname="TestNG.Script_06" name="m5" time="0.001"/>
  <system-out>
    <![CDATA[M5 method executed]]>
  </system-out>
</testsuite> <!-- TestNG.Script_06 -->
