<?xml version="1.0" encoding="UTF-8"?>
<!-- Generated by org.testng.reporters.JUnitReportReporter -->
<testsuite hostname="DESKTOP-65JILSQ" failures="0" tests="3" name="TestNG.TestScript_01" time="0.009" errors="0" timestamp="2023-04-24T23:13:47 IST" skipped="0">
  <testcase classname="TestNG.TestScript_01" name="testlogin" time="0.001"/>
  <system-out>
    <![CDATA[admin2
manager]]>
  </system-out>
  <testcase classname="TestNG.TestScript_01" name="testlogin" time="0.007"/>
  <system-out>
    <![CDATA[admin1
manager1]]>
  </system-out>
  <testcase classname="TestNG.TestScript_01" name="testlogin" time="0.001"/>
  <system-out>
    <![CDATA[admin3
manager3]]>
  </system-out>
</testsuite> <!-- TestNG.TestScript_01 -->
